c:\users\dan\documents\github\sfui\debug\vc143.pdb
c:\users\dan\documents\github\sfui\debug\vc143.idb
c:\users\dan\documents\github\sfui\debug\window.obj
c:\users\dan\documents\github\sfui\debug\window_manager.obj
c:\users\dan\documents\github\sfui\debug\tinyxml2.obj
c:\users\dan\documents\github\sfui\debug\test.obj
c:\users\dan\documents\github\sfui\debug\temp.obj
c:\users\dan\documents\github\sfui\debug\global.obj
c:\users\dan\documents\github\sfui\debug\element.obj
c:\users\dan\documents\github\sfui\debug\application.obj
c:\users\dan\documents\github\sfui\debug\sfui.obj
c:\users\dan\documents\github\txted\debug\sfui.exe
c:\users\dan\documents\github\sfui\debug\sfui.ilk
c:\users\dan\documents\github\txted\debug\sfui.pdb
c:\users\dan\documents\github\sfui\debug\sfui.tlog\cl.command.1.tlog
c:\users\dan\documents\github\sfui\debug\sfui.tlog\cl.read.1.tlog
c:\users\dan\documents\github\sfui\debug\sfui.tlog\cl.write.1.tlog
c:\users\dan\documents\github\sfui\debug\sfui.tlog\link.command.1.tlog
c:\users\dan\documents\github\sfui\debug\sfui.tlog\link.read.1.tlog
c:\users\dan\documents\github\sfui\debug\sfui.tlog\link.write.1.tlog
