  element.cpp
C:\Users\Dan\Documents\GitHub\SFUI\src\application.h(8,2): error C2504: 'Element': base class undefined
C:\Users\Dan\Documents\GitHub\SFUI\src\window.h(10,2): error C2504: 'Element': base class undefined
C:\Users\Dan\Documents\GitHub\SFUI\src\window.h(21,52): error C2061: syntax error: identifier 'Element'
C:\Users\Dan\Documents\GitHub\SFUI\src\window.h(28,10): error C2143: syntax error: missing ';' before '*'
C:\Users\Dan\Documents\GitHub\SFUI\src\window.h(28,10): error C4430: missing type specifier - int assumed. Note: C++ does not support default-int
C:\Users\Dan\Documents\GitHub\SFUI\src\window.h(28,19): error C2238: unexpected token(s) preceding ';'
C:\Users\Dan\Documents\GitHub\SFUI\src\window_manager.h(17,73): error C2061: syntax error: identifier 'Element'
C:\Users\Dan\Documents\GitHub\SFUI\src\window_manager.h(17,18): error C2535: 'sfui::Window *sfui::WindowManager::createWindow(std::string,int,int)': member function already defined or declared
C:\Users\Dan\Documents\GitHub\SFUI\src\window_manager.h(16,18): message : see declaration of 'sfui::WindowManager::createWindow'
C:\Users\Dan\Documents\GitHub\SFUI\src\element.h(96,48): error C2440: '=': cannot convert from 'sfui::Application *' to 'sfui::Element *'
C:\Users\Dan\Documents\GitHub\SFUI\src\element.h(96,48): message : Types pointed to are unrelated; conversion requires reinterpret_cast, C-style cast or parenthesized function-style cast
C:\Users\Dan\Documents\GitHub\SFUI\src\element.h(97,67): error C2440: '=': cannot convert from 'sfui::Window *' to 'sfui::Element *'
C:\Users\Dan\Documents\GitHub\SFUI\src\element.h(97,67): message : Types pointed to are unrelated; conversion requires reinterpret_cast, C-style cast or parenthesized function-style cast
  global.cpp
  SFUI.cpp
C:\Users\Dan\Documents\GitHub\SFUI\src\application.h(8,2): error C2504: 'Element': base class undefined
C:\Users\Dan\Documents\GitHub\SFUI\src\window.h(10,2): error C2504: 'Element': base class undefined
C:\Users\Dan\Documents\GitHub\SFUI\src\window.h(21,52): error C2061: syntax error: identifier 'Element'
C:\Users\Dan\Documents\GitHub\SFUI\src\window.h(28,10): error C2143: syntax error: missing ';' before '*'
C:\Users\Dan\Documents\GitHub\SFUI\src\window.h(28,10): error C4430: missing type specifier - int assumed. Note: C++ does not support default-int
C:\Users\Dan\Documents\GitHub\SFUI\src\window.h(28,19): error C2238: unexpected token(s) preceding ';'
C:\Users\Dan\Documents\GitHub\SFUI\src\window_manager.h(17,73): error C2061: syntax error: identifier 'Element'
C:\Users\Dan\Documents\GitHub\SFUI\src\window_manager.h(17,18): error C2535: 'sfui::Window *sfui::WindowManager::createWindow(std::string,int,int)': member function already defined or declared
C:\Users\Dan\Documents\GitHub\SFUI\src\window_manager.h(16,18): message : see declaration of 'sfui::WindowManager::createWindow'
C:\Users\Dan\Documents\GitHub\SFUI\src\element.h(96,48): error C2440: '=': cannot convert from 'sfui::Application *' to 'sfui::Element *'
C:\Users\Dan\Documents\GitHub\SFUI\src\element.h(96,48): message : Types pointed to are unrelated; conversion requires reinterpret_cast, C-style cast or parenthesized function-style cast
C:\Users\Dan\Documents\GitHub\SFUI\src\element.h(97,67): error C2440: '=': cannot convert from 'sfui::Window *' to 'sfui::Element *'
C:\Users\Dan\Documents\GitHub\SFUI\src\element.h(97,67): message : Types pointed to are unrelated; conversion requires reinterpret_cast, C-style cast or parenthesized function-style cast
  test.cpp
  tinyxml2.cpp
  window_manager.cpp
C:\Users\Dan\Documents\GitHub\SFUI\src\application.h(8,2): error C2504: 'Element': base class undefined
C:\Users\Dan\Documents\GitHub\SFUI\src\element.h(96,48): error C2440: '=': cannot convert from 'sfui::Application *' to 'sfui::Element *'
C:\Users\Dan\Documents\GitHub\SFUI\src\element.h(96,48): message : Types pointed to are unrelated; conversion requires reinterpret_cast, C-style cast or parenthesized function-style cast
C:\Users\Dan\Documents\GitHub\SFUI\src\element.h(97,40): error C2653: 'WindowManager': is not a class or namespace name
C:\Users\Dan\Documents\GitHub\SFUI\src\element.h(97,55): error C3861: 'createWindow': identifier not found
  window.cpp
C:\Users\Dan\Documents\GitHub\SFUI\src\application.h(8,2): error C2504: 'Element': base class undefined
C:\Users\Dan\Documents\GitHub\SFUI\src\window_manager.h(15,16): error C2143: syntax error: missing ';' before '*'
C:\Users\Dan\Documents\GitHub\SFUI\src\window_manager.h(15,16): error C4430: missing type specifier - int assumed. Note: C++ does not support default-int
C:\Users\Dan\Documents\GitHub\SFUI\src\window_manager.h(15,49): error C2238: unexpected token(s) preceding ';'
C:\Users\Dan\Documents\GitHub\SFUI\src\window_manager.h(16,16): error C2143: syntax error: missing ';' before '*'
C:\Users\Dan\Documents\GitHub\SFUI\src\window_manager.h(16,16): error C4430: missing type specifier - int assumed. Note: C++ does not support default-int
C:\Users\Dan\Documents\GitHub\SFUI\src\window_manager.h(16,10): error C2086: 'int sfui::WindowManager::Window': redefinition
C:\Users\Dan\Documents\GitHub\SFUI\src\window_manager.h(16,72): error C2238: unexpected token(s) preceding ';'
C:\Users\Dan\Documents\GitHub\SFUI\src\window_manager.h(17,16): error C2143: syntax error: missing ';' before '*'
C:\Users\Dan\Documents\GitHub\SFUI\src\window_manager.h(17,16): error C4430: missing type specifier - int assumed. Note: C++ does not support default-int
C:\Users\Dan\Documents\GitHub\SFUI\src\window_manager.h(17,10): error C2086: 'int sfui::WindowManager::Window': redefinition
C:\Users\Dan\Documents\GitHub\SFUI\src\window_manager.h(17,90): error C2238: unexpected token(s) preceding ';'
C:\Users\Dan\Documents\GitHub\SFUI\src\window_manager.h(19,21): error C2061: syntax error: identifier 'Window'
C:\Users\Dan\Documents\GitHub\SFUI\src\element.h(96,48): error C2440: '=': cannot convert from 'sfui::Application *' to 'sfui::Element *'
C:\Users\Dan\Documents\GitHub\SFUI\src\element.h(96,48): message : Types pointed to are unrelated; conversion requires reinterpret_cast, C-style cast or parenthesized function-style cast
C:\Users\Dan\Documents\GitHub\SFUI\src\element.h(97,55): error C2039: 'createWindow': is not a member of 'sfui::WindowManager'
C:\Users\Dan\Documents\GitHub\SFUI\src\window_manager.h(10,8): message : see declaration of 'sfui::WindowManager'
C:\Users\Dan\Documents\GitHub\SFUI\src\element.h(97,67): error C3861: 'createWindow': identifier not found
